<?xml version="1.0" encoding="UTF-8"?>
<!-- Generated by org.testng.reporters.JUnitXMLReporter -->
<testsuite ignored="1" hostname="HP" failures="0" tests="1" name="CleanseMatch Test_Call" time="5.442" errors="0" timestamp="07 May 2021 11:58:56 GMT">
  <testcase classname="com.MBS.CleanseMatchData.CleanseMatchTest" name="createCleanseMatchData" time="5.432"/>
  <testcase classname="com.MBS.CleanseMatchData.CleanseMatchTest" name="call" time="0.0">
    <ignored/>
  </testcase> <!-- call -->
</testsuite> <!-- CleanseMatch Test_Call -->
