<?xml version="1.0" encoding="UTF-8"?>
<!-- Generated by org.testng.reporters.JUnitXMLReporter -->
<testsuite ignored="1" hostname="HP" failures="0" tests="1" name="CleanseMatchData_Ge" time="0.072" errors="0" timestamp="07 May 2021 06:50:41 GMT">
  <testcase classname="com.MBS.CleanseMatchData.CleanseMatchTest" name="call" time="0.022"/>
  <testcase classname="com.MBS.CleanseMatchData.CleanseMatchTest" name="createCleanseMatchData" time="0.0">
    <ignored/>
  </testcase> <!-- createCleanseMatchData -->
</testsuite> <!-- CleanseMatchData_Ge -->
