<?xml version="1.0" encoding="UTF-8"?>
<!-- Generated by org.testng.reporters.JUnitXMLReporter -->
<testsuite ignored="2" hostname="HP" failures="0" tests="1" name="DataStewardship_Refresh DUNS Number" time="4.882" errors="0" timestamp="05 May 2021 08:20:56 GMT">
  <testcase classname="com.MBS.DataStewardship.RealTimeApisIndex" name="refreshDunsNumber" time="3.094"/>
  <testcase classname="com.MBS.DataStewardship.RealTimeApisIndex" name="verifyResponseWithMatchResult" time="0.0">
    <ignored/>
  </testcase> <!-- verifyResponseWithMatchResult -->
  <testcase classname="com.MBS.DataStewardship.RealTimeApisIndex" name="getApiKey_SecretKey_DomainName" time="0.0">
    <ignored/>
  </testcase> <!-- getApiKey_SecretKey_DomainName -->
</testsuite> <!-- DataStewardship_Refresh DUNS Number -->
