<?xml version="1.0" encoding="UTF-8"?>
<!-- Generated by org.testng.reporters.JUnitXMLReporter -->
<testsuite ignored="2" hostname="HP" failures="0" tests="1" name="DataStewardship_RealTimeApisIndex_Add Filters Match Data" time="71.697" errors="0" timestamp="05 May 2021 08:20:51 GMT">
  <testcase classname="com.MBS.DataStewardship.RealTimeApisIndex" name="verifyResponseWithMatchResult" time="69.912"/>
  <testcase classname="com.MBS.DataStewardship.RealTimeApisIndex" name="refreshDunsNumber" time="0.0">
    <ignored/>
  </testcase> <!-- refreshDunsNumber -->
  <testcase classname="com.MBS.DataStewardship.RealTimeApisIndex" name="getApiKey_SecretKey_DomainName" time="0.0">
    <ignored/>
  </testcase> <!-- getApiKey_SecretKey_DomainName -->
</testsuite> <!-- DataStewardship_RealTimeApisIndex_Add Filters Match Data -->
