<?xml version="1.0" encoding="UTF-8"?>
<!-- Generated by org.testng.reporters.JUnitXMLReporter -->
<testsuite ignored="3" hostname="HP" failures="0" tests="1" name="DataStewardship_Get Api Key and Api Secret and SubDomain" time="43.714" errors="0" timestamp="07 May 2021 12:27:23 GMT">
  <testcase classname="com.MBS.DataStewardship.RealTimeApisIndex" name="getApiKey_SecretKey_DomainName" time="37.24"/>
  <testcase classname="com.MBS.DataStewardship.RealTimeApisIndex" name="refreshDunsNumber" time="0.0">
    <ignored/>
  </testcase> <!-- refreshDunsNumber -->
  <testcase classname="com.MBS.DataStewardship.RealTimeApisIndex" name="verifyResponseWithMatchResult" time="0.0">
    <ignored/>
  </testcase> <!-- verifyResponseWithMatchResult -->
  <testcase classname="com.MBS.DataStewardship.RealTimeApisIndex" name="uploadData" time="0.0">
    <ignored/>
  </testcase> <!-- uploadData -->
</testsuite> <!-- DataStewardship_Get Api Key and Api Secret and SubDomain -->
