<?xml version="1.0" encoding="UTF-8"?>
<!-- Generated by org.testng.reporters.JUnitXMLReporter -->
<testsuite ignored="2" hostname="HP" failures="0" tests="1" name="Get Api Key and Api Secret and SubDomain" time="32.626" errors="0" timestamp="05 May 2021 08:19:29 GMT">
  <testcase classname="com.MBS.DataStewardship.RealTimeApisIndex" name="getApiKey_SecretKey_DomainName" time="31.167"/>
  <testcase classname="com.MBS.DataStewardship.RealTimeApisIndex" name="refreshDunsNumber" time="0.0">
    <ignored/>
  </testcase> <!-- refreshDunsNumber -->
  <testcase classname="com.MBS.DataStewardship.RealTimeApisIndex" name="verifyResponseWithMatchResult" time="0.0">
    <ignored/>
  </testcase> <!-- verifyResponseWithMatchResult -->
</testsuite> <!-- Get Api Key and Api Secret and SubDomain -->
