<?xml version="1.0" encoding="UTF-8"?>
<!-- Generated by org.testng.reporters.JUnitXMLReporter -->
<testsuite ignored="4" hostname="HP" failures="0" tests="1" name="Import_Data Upload Data" time="41.206" errors="0" timestamp="08 May 2021 11:58:12 GMT">
  <testcase classname="com.MBS.DataStewardship.RealTimeApisIndex" name="testDara" time="36.15"/>
  <testcase classname="com.MBS.DataStewardship.RealTimeApisIndex" name="refreshDunsNumber" time="0.0">
    <ignored/>
  </testcase> <!-- refreshDunsNumber -->
  <testcase classname="com.MBS.DataStewardship.RealTimeApisIndex" name="verifyResponseWithMatchResult" time="0.0">
    <ignored/>
  </testcase> <!-- verifyResponseWithMatchResult -->
  <testcase classname="com.MBS.DataStewardship.RealTimeApisIndex" name="getApiKey_SecretKey_DomainName" time="0.0">
    <ignored/>
  </testcase> <!-- getApiKey_SecretKey_DomainName -->
  <testcase classname="com.MBS.DataStewardship.RealTimeApisIndex" name="uploadData" time="0.0">
    <ignored/>
  </testcase> <!-- uploadData -->
</testsuite> <!-- Import_Data Upload Data -->
